[debug] [2023-02-17T08:02:40.334Z] ----------------------------------------------------------------------
[debug] [2023-02-17T08:02:40.337Z] Command:       /home/mcwachira/.nvm/versions/node/v16.17.0/bin/node /home/mcwachira/.nvm/versions/node/v16.17.0/bin/firebase emulators:start --only functions
[debug] [2023-02-17T08:02:40.338Z] CLI Version:   11.23.1
[debug] [2023-02-17T08:02:40.338Z] Platform:      linux
[debug] [2023-02-17T08:02:40.338Z] Node Version:  v16.17.0
[debug] [2023-02-17T08:02:40.338Z] Time:          Fri Feb 17 2023 11:02:40 GMT+0300 (East Africa Time)
[debug] [2023-02-17T08:02:40.339Z] ----------------------------------------------------------------------
[debug] 
[debug] [2023-02-17T08:02:40.435Z] > command requires scopes: ["email","openid","https://www.googleapis.com/auth/cloudplatformprojects.readonly","https://www.googleapis.com/auth/firebase","https://www.googleapis.com/auth/cloud-platform"]
[debug] [2023-02-17T08:02:40.436Z] > authorizing via signed-in user (mcwachira@gmail.com)
[info] i  emulators: Starting emulators: functions {"metadata":{"emulator":{"name":"hub"},"message":"Starting emulators: functions"}}
[debug] [2023-02-17T08:02:40.443Z] [logging] Logging Emulator only supports listening on one address (127.0.0.1). Not listening on ::1
[debug] [2023-02-17T08:02:40.444Z] assigned listening specs for emulators {"user":{"hub":[{"address":"127.0.0.1","family":"IPv4","port":4400},{"address":"::1","family":"IPv6","port":4400}],"ui":[{"address":"127.0.0.1","family":"IPv4","port":4000},{"address":"::1","family":"IPv6","port":4000}],"logging":[{"address":"127.0.0.1","family":"IPv4","port":4500}]},"metadata":{"message":"assigned listening specs for emulators"}}
[debug] [2023-02-17T08:02:40.453Z] [hub] writing locator at /tmp/hub-mealstogo-97a67.json
[debug] [2023-02-17T08:02:40.467Z] [functions] Functions Emulator only supports listening on one address (127.0.0.1). Not listening on ::1
[debug] [2023-02-17T08:02:40.467Z] [eventarc] Eventarc Emulator only supports listening on one address (127.0.0.1). Not listening on ::1
[debug] [2023-02-17T08:02:40.467Z] late-assigned ports for functions and eventarc emulators {"user":{"hub":[{"address":"127.0.0.1","family":"IPv4","port":4400},{"address":"::1","family":"IPv6","port":4400}],"ui":[{"address":"127.0.0.1","family":"IPv4","port":4000},{"address":"::1","family":"IPv6","port":4000}],"logging":[{"address":"127.0.0.1","family":"IPv4","port":4500}],"functions":[{"address":"127.0.0.1","family":"IPv4","port":5001}],"eventarc":[{"address":"127.0.0.1","family":"IPv4","port":9299}]},"metadata":{"message":"late-assigned ports for functions and eventarc emulators"}}
[warn] ⚠  functions: The following emulators are not running, calls to these services from the Functions emulator will affect production: auth, firestore, database, hosting, pubsub, storage {"metadata":{"emulator":{"name":"functions"},"message":"The following emulators are not running, calls to these services from the Functions emulator will affect production: \u001b[1mauth, firestore, database, hosting, pubsub, storage\u001b[22m"}}
[debug] [2023-02-17T08:02:40.482Z] defaultcredentials: writing to file /home/mcwachira/.config/firebase/mcwachira_gmail_com_application_default_credentials.json
[debug] [2023-02-17T08:02:40.486Z] Setting GAC to /home/mcwachira/.config/firebase/mcwachira_gmail_com_application_default_credentials.json {"metadata":{"emulator":{"name":"functions"},"message":"Setting GAC to /home/mcwachira/.config/firebase/mcwachira_gmail_com_application_default_credentials.json"}}
[debug] [2023-02-17T08:02:40.490Z] >>> [apiv2][query] GET https://firebase.googleapis.com/v1beta1/projects/mealstogo-97a67/adminSdkConfig [none]
[debug] [2023-02-17T08:02:46.330Z] <<< [apiv2][status] GET https://firebase.googleapis.com/v1beta1/projects/mealstogo-97a67/adminSdkConfig 200
[debug] [2023-02-17T08:02:46.330Z] <<< [apiv2][body] GET https://firebase.googleapis.com/v1beta1/projects/mealstogo-97a67/adminSdkConfig {"projectId":"mealstogo-97a67","storageBucket":"mealstogo-97a67.appspot.com"}
[debug] [2023-02-17T08:02:46.374Z] Ignoring unsupported arg: auto_download {"metadata":{"emulator":{"name":"ui"},"message":"Ignoring unsupported arg: auto_download"}}
[debug] [2023-02-17T08:02:46.374Z] Ignoring unsupported arg: port {"metadata":{"emulator":{"name":"ui"},"message":"Ignoring unsupported arg: port"}}
[debug] [2023-02-17T08:02:46.374Z] Starting Emulator UI with command {"binary":"node","args":["/home/mcwachira/.cache/firebase/emulators/ui-v1.11.4/server/server.js"],"optionalArgs":[],"joinArgs":false} {"metadata":{"emulator":{"name":"ui"},"message":"Starting Emulator UI with command {\"binary\":\"node\",\"args\":[\"/home/mcwachira/.cache/firebase/emulators/ui-v1.11.4/server/server.js\"],\"optionalArgs\":[],\"joinArgs\":false}"}}
[info] i  ui: Emulator UI logging to ui-debug.log {"metadata":{"emulator":{"name":"ui"},"message":"Emulator UI logging to \u001b[1mui-debug.log\u001b[22m"}}
[debug] [2023-02-17T08:02:46.648Z] Web / API server started at 127.0.0.1:4000
 {"metadata":{"emulator":{"name":"ui"},"message":"Web / API server started at 127.0.0.1:4000\n"}}
[debug] [2023-02-17T08:02:46.650Z] Web / API server started at ::1:4000
 {"metadata":{"emulator":{"name":"ui"},"message":"Web / API server started at ::1:4000\n"}}
[info] i  functions: Watching "/home/mcwachira/Documents/GitHub/MealsToGo/functions" for Cloud Functions... {"metadata":{"emulator":{"name":"functions"},"message":"Watching \"/home/mcwachira/Documents/GitHub/MealsToGo/functions\" for Cloud Functions..."}}
[debug] [2023-02-17T08:02:46.666Z] Validating nodejs source
[debug] [2023-02-17T08:02:53.803Z] > [functions] package.json contents: {
  "name": "functions",
  "description": "Cloud Functions for Firebase",
  "scripts": {
    "serve": "firebase emulators:start --only functions",
    "shell": "firebase functions:shell",
    "start": "npm run shell",
    "deploy": "firebase deploy --only functions",
    "logs": "firebase functions:log"
  },
  "engines": {
    "node": "16"
  },
  "main": "index.js",
  "dependencies": {
    "firebase-admin": "^11.5.0",
    "firebase-functions": "^4.2.0"
  },
  "devDependencies": {
    "firebase-functions-test": "^3.0.0"
  },
  "private": true
}
[debug] [2023-02-17T08:02:53.804Z] Building nodejs source
[debug] [2023-02-17T08:02:53.806Z] Failed to find version of module node: reached end of search path /home/mcwachira/Documents/GitHub/MealsToGo/functions/node_modules
[info] ✔  functions: Using node@16 from host. 
[debug] [2023-02-17T08:02:53.814Z] Could not find functions.yaml. Must use http discovery
[debug] [2023-02-17T08:02:53.821Z] Found firebase-functions binary at '/home/mcwachira/Documents/GitHub/MealsToGo/functions/node_modules/.bin/firebase-functions'
[debug] [2023-02-17T08:02:54.001Z] Serving at port 8644

[debug] [2023-02-17T08:02:54.220Z] Got response from /__/functions.yaml {"endpoints":{"geocode":{"platform":"gcfv1","availableMemoryMb":null,"timeoutSeconds":null,"minInstances":null,"maxInstances":null,"ingressSettings":null,"serviceAccountEmail":null,"vpc":null,"httpsTrigger":{},"entryPoint":"geocode"},"placesNearBy":{"platform":"gcfv1","availableMemoryMb":null,"timeoutSeconds":null,"minInstances":null,"maxInstances":null,"ingressSettings":null,"serviceAccountEmail":null,"vpc":null,"httpsTrigger":{},"entryPoint":"placesNearBy"}},"specVersion":"v1alpha1","requiredAPIs":[]}
[debug] [2023-02-17T08:02:56.391Z] shutdown requested via /__/quitquitquit

[info] ✔  functions: Loaded functions definitions from source: geocode, placesNearBy. {"metadata":{"emulator":{"name":"functions"},"message":"Loaded functions definitions from source: geocode, placesNearBy."}}
[info] ✔  functions[us-central1-geocode]: http function initialized (http://127.0.0.1:5001/mealstogo-97a67/us-central1/geocode). {"metadata":{"emulator":{"name":"functions"},"message":"\u001b[1mhttp\u001b[22m function initialized (http://127.0.0.1:5001/mealstogo-97a67/us-central1/geocode)."}}
[info] ✔  functions[us-central1-placesNearBy]: http function initialized (http://127.0.0.1:5001/mealstogo-97a67/us-central1/placesNearBy). {"metadata":{"emulator":{"name":"functions"},"message":"\u001b[1mhttp\u001b[22m function initialized (http://127.0.0.1:5001/mealstogo-97a67/us-central1/placesNearBy)."}}
[info] 
┌─────────────────────────────────────────────────────────────┐
│ ✔  All emulators ready! It is now safe to connect your app. │
│ i  View Emulator UI at http://127.0.0.1:4000/               │
└─────────────────────────────────────────────────────────────┘

┌───────────┬────────────────┬─────────────────────────────────┐
│ Emulator  │ Host:Port      │ View in Emulator UI             │
├───────────┼────────────────┼─────────────────────────────────┤
│ Functions │ 127.0.0.1:5001 │ http://127.0.0.1:4000/functions │
└───────────┴────────────────┴─────────────────────────────────┘
  Emulator Hub running at 127.0.0.1:4400
  Other reserved ports: 4500

Issues? Report them at https://github.com/firebase/firebase-tools/issues and attach the *-debug.log files.
 
[debug] [2023-02-17T08:12:09.763Z] [work-queue] {"queuedWork":["/mealstogo-97a67/us-central1/placesNearBy-2023-02-17T08:12:09.762Z"],"queueLength":1,"runningWork":[],"workRunningCount":0}
[debug] [2023-02-17T08:12:09.764Z] [work-queue] {"queuedWork":[],"queueLength":0,"runningWork":["/mealstogo-97a67/us-central1/placesNearBy-2023-02-17T08:12:09.762Z"],"workRunningCount":1}
[debug] [2023-02-17T08:12:09.766Z] Accepted request GET /mealstogo-97a67/us-central1/placesNearBy?location=51.219448,4.402464 --> us-central1-placesNearBy
[debug] [2023-02-17T08:12:09.773Z] [functions] Runtime ready! Sending request! {"metadata":{"emulator":{"name":"functions"},"message":"[functions] Runtime ready! Sending request!"}}
[debug] [2023-02-17T08:12:09.775Z] [functions] Got req.url=/mealstogo-97a67/us-central1/placesNearBy?location=51.219448,4.402464, mapping to path=/?location=51.219448,4.402464 {"metadata":{"emulator":{"name":"functions"},"message":"[functions] Got req.url=/mealstogo-97a67/us-central1/placesNearBy?location=51.219448,4.402464, mapping to path=/?location=51.219448,4.402464"}}
[debug] [2023-02-17T08:12:09.796Z] [worker-pool] addWorker(us-central1-placesNearBy) {"metadata":{"emulator":{"name":"functions"},"message":"[worker-pool] addWorker(us-central1-placesNearBy)"}}
[debug] [2023-02-17T08:12:09.799Z] [worker-pool] Adding worker with key us-central1-placesNearBy, total=1 {"metadata":{"emulator":{"name":"functions"},"message":"[worker-pool] Adding worker with key us-central1-placesNearBy, total=1"}}
[debug] [2023-02-17T08:12:10.757Z] [runtime-status] [23023] Resolved module firebase-admin {"declared":true,"installed":true,"version":"11.5.0","resolution":"/home/mcwachira/Documents/GitHub/MealsToGo/functions/node_modules/firebase-admin/lib/index.js"} {"metadata":{"emulator":{"name":"functions"},"function":{"name":"us-central1-placesNearBy"},"extension":{},"message":"[runtime-status] [23023] Resolved module firebase-admin {\"declared\":true,\"installed\":true,\"version\":\"11.5.0\",\"resolution\":\"/home/mcwachira/Documents/GitHub/MealsToGo/functions/node_modules/firebase-admin/lib/index.js\"}"}}
[debug] [2023-02-17T08:12:10.760Z] [runtime-status] [23023] Resolved module firebase-functions {"declared":true,"installed":true,"version":"4.2.1","resolution":"/home/mcwachira/Documents/GitHub/MealsToGo/functions/node_modules/firebase-functions/lib/v1/index.js"} {"metadata":{"emulator":{"name":"functions"},"function":{"name":"us-central1-placesNearBy"},"extension":{},"message":"[runtime-status] [23023] Resolved module firebase-functions {\"declared\":true,\"installed\":true,\"version\":\"4.2.1\",\"resolution\":\"/home/mcwachira/Documents/GitHub/MealsToGo/functions/node_modules/firebase-functions/lib/v1/index.js\"}"}}
[debug] [2023-02-17T08:12:10.761Z] [runtime-status] [23023] Outgoing network have been stubbed. [{"name":"http","status":"mocked"},{"name":"http","status":"mocked"},{"name":"https","status":"mocked"},{"name":"https","status":"mocked"},{"name":"net","status":"mocked"}] {"metadata":{"emulator":{"name":"functions"},"function":{"name":"us-central1-placesNearBy"},"extension":{},"message":"[runtime-status] [23023] Outgoing network have been stubbed. [{\"name\":\"http\",\"status\":\"mocked\"},{\"name\":\"http\",\"status\":\"mocked\"},{\"name\":\"https\",\"status\":\"mocked\"},{\"name\":\"https\",\"status\":\"mocked\"},{\"name\":\"net\",\"status\":\"mocked\"}]"}}
[debug] [2023-02-17T08:12:10.762Z] [runtime-status] [23023] Resolved module firebase-functions {"declared":true,"installed":true,"version":"4.2.1","resolution":"/home/mcwachira/Documents/GitHub/MealsToGo/functions/node_modules/firebase-functions/lib/v1/index.js"} {"metadata":{"emulator":{"name":"functions"},"function":{"name":"us-central1-placesNearBy"},"extension":{},"message":"[runtime-status] [23023] Resolved module firebase-functions {\"declared\":true,\"installed\":true,\"version\":\"4.2.1\",\"resolution\":\"/home/mcwachira/Documents/GitHub/MealsToGo/functions/node_modules/firebase-functions/lib/v1/index.js\"}"}}
[debug] [2023-02-17T08:12:10.924Z] [runtime-status] [23023] Checked functions.config() {"config":{}} {"metadata":{"emulator":{"name":"functions"},"function":{"name":"us-central1-placesNearBy"},"extension":{},"message":"[runtime-status] [23023] Checked functions.config() {\"config\":{}}"}}
[debug] [2023-02-17T08:12:10.925Z] [runtime-status] [23023] firebase-functions has been stubbed. {"functionsResolution":{"declared":true,"installed":true,"version":"4.2.1","resolution":"/home/mcwachira/Documents/GitHub/MealsToGo/functions/node_modules/firebase-functions/lib/v1/index.js"}} {"metadata":{"emulator":{"name":"functions"},"function":{"name":"us-central1-placesNearBy"},"extension":{},"message":"[runtime-status] [23023] firebase-functions has been stubbed. {\"functionsResolution\":{\"declared\":true,\"installed\":true,\"version\":\"4.2.1\",\"resolution\":\"/home/mcwachira/Documents/GitHub/MealsToGo/functions/node_modules/firebase-functions/lib/v1/index.js\"}}"}}
[debug] [2023-02-17T08:12:10.926Z] [runtime-status] [23023] Resolved module firebase-functions {"declared":true,"installed":true,"version":"4.2.1","resolution":"/home/mcwachira/Documents/GitHub/MealsToGo/functions/node_modules/firebase-functions/lib/v1/index.js"} {"metadata":{"emulator":{"name":"functions"},"function":{"name":"us-central1-placesNearBy"},"extension":{},"message":"[runtime-status] [23023] Resolved module firebase-functions {\"declared\":true,\"installed\":true,\"version\":\"4.2.1\",\"resolution\":\"/home/mcwachira/Documents/GitHub/MealsToGo/functions/node_modules/firebase-functions/lib/v1/index.js\"}"}}
[debug] [2023-02-17T08:12:10.928Z] [runtime-status] [23023] Resolved module firebase-admin {"declared":true,"installed":true,"version":"11.5.0","resolution":"/home/mcwachira/Documents/GitHub/MealsToGo/functions/node_modules/firebase-admin/lib/index.js"} {"metadata":{"emulator":{"name":"functions"},"function":{"name":"us-central1-placesNearBy"},"extension":{},"message":"[runtime-status] [23023] Resolved module firebase-admin {\"declared\":true,\"installed\":true,\"version\":\"11.5.0\",\"resolution\":\"/home/mcwachira/Documents/GitHub/MealsToGo/functions/node_modules/firebase-admin/lib/index.js\"}"}}
[debug] [2023-02-17T08:12:10.929Z] [runtime-status] [23023] Resolved module firebase-functions {"declared":true,"installed":true,"version":"4.2.1","resolution":"/home/mcwachira/Documents/GitHub/MealsToGo/functions/node_modules/firebase-functions/lib/v1/index.js"} {"metadata":{"emulator":{"name":"functions"},"function":{"name":"us-central1-placesNearBy"},"extension":{},"message":"[runtime-status] [23023] Resolved module firebase-functions {\"declared\":true,\"installed\":true,\"version\":\"4.2.1\",\"resolution\":\"/home/mcwachira/Documents/GitHub/MealsToGo/functions/node_modules/firebase-functions/lib/v1/index.js\"}"}}
[debug] [2023-02-17T08:12:10.930Z] [runtime-status] [23023] firebase-admin has been stubbed. {"adminResolution":{"declared":true,"installed":true,"version":"11.5.0","resolution":"/home/mcwachira/Documents/GitHub/MealsToGo/functions/node_modules/firebase-admin/lib/index.js"}} {"metadata":{"emulator":{"name":"functions"},"function":{"name":"us-central1-placesNearBy"},"extension":{},"message":"[runtime-status] [23023] firebase-admin has been stubbed. {\"adminResolution\":{\"declared\":true,\"installed\":true,\"version\":\"11.5.0\",\"resolution\":\"/home/mcwachira/Documents/GitHub/MealsToGo/functions/node_modules/firebase-admin/lib/index.js\"}}"}}
[debug] [2023-02-17T08:12:10.942Z] [runtime-status] [23023] Functions runtime initialized. {"cwd":"/home/mcwachira/Documents/GitHub/MealsToGo/functions","node_version":"16.17.0"} {"metadata":{"emulator":{"name":"functions"},"function":{"name":"us-central1-placesNearBy"},"extension":{},"message":"[runtime-status] [23023] Functions runtime initialized. {\"cwd\":\"/home/mcwachira/Documents/GitHub/MealsToGo/functions\",\"node_version\":\"16.17.0\"}"}}
[debug] [2023-02-17T08:12:10.943Z] [runtime-status] [23023] Listening to port: /tmp/fire_emu_c9fee5df96609ac0.sock {"metadata":{"emulator":{"name":"functions"},"function":{"name":"us-central1-placesNearBy"},"extension":{},"message":"[runtime-status] [23023] Listening to port: /tmp/fire_emu_c9fee5df96609ac0.sock"}}
[debug] [2023-02-17T08:12:11.024Z] [worker-us-central1-placesNearBy-3aae4b6b-0d9b-48f8-916f-257937301c1a]: IDLE {"metadata":{"emulator":{"name":"functions"},"function":{"name":"us-central1-placesNearBy"},"extension":{},"message":"[worker-us-central1-placesNearBy-3aae4b6b-0d9b-48f8-916f-257937301c1a]: IDLE"}}
[debug] [2023-02-17T08:12:11.025Z] [worker-pool] submitRequest(triggerId=us-central1-placesNearBy) {"metadata":{"emulator":{"name":"functions"},"message":"[worker-pool] submitRequest(triggerId=us-central1-placesNearBy)"}}
[info] i  functions: Beginning execution of "us-central1-placesNearBy" {"metadata":{"emulator":{"name":"functions"},"function":{"name":"us-central1-placesNearBy"},"extension":{},"message":"Beginning execution of \"us-central1-placesNearBy\""}}
[debug] [2023-02-17T08:12:11.026Z] [worker-us-central1-placesNearBy-3aae4b6b-0d9b-48f8-916f-257937301c1a]: BUSY {"metadata":{"emulator":{"name":"functions"},"function":{"name":"us-central1-placesNearBy"},"extension":{},"message":"[worker-us-central1-placesNearBy-3aae4b6b-0d9b-48f8-916f-257937301c1a]: BUSY"}}
[warn] ⚠  functions: TypeError: undefined is not a function
    at Array.map (<anonymous>)
    at module.exports.placesRequest (/home/mcwachira/Documents/GitHub/MealsToGo/functions/places/index.js:11:33)
    at /home/mcwachira/Documents/GitHub/MealsToGo/functions/index.js:10:3
    at cloudFunction (/home/mcwachira/Documents/GitHub/MealsToGo/functions/node_modules/firebase-functions/lib/v1/providers/https.js:51:16)
    at /home/mcwachira/.nvm/versions/node/v16.17.0/lib/node_modules/firebase-tools/lib/emulator/functionsEmulatorRuntime.js:532:16
    at runFunction (/home/mcwachira/.nvm/versions/node/v16.17.0/lib/node_modules/firebase-tools/lib/emulator/functionsEmulatorRuntime.js:506:15)
    at runHTTPS (/home/mcwachira/.nvm/versions/node/v16.17.0/lib/node_modules/firebase-tools/lib/emulator/functionsEmulatorRuntime.js:531:11)
    at /home/mcwachira/.nvm/versions/node/v16.17.0/lib/node_modules/firebase-tools/lib/emulator/functionsEmulatorRuntime.js:690:27
    at Layer.handle [as handle_request] (/home/mcwachira/.nvm/versions/node/v16.17.0/lib/node_modules/firebase-tools/node_modules/express/lib/router/layer.js:95:5)
    at next (/home/mcwachira/.nvm/versions/node/v16.17.0/lib/node_modules/firebase-tools/node_modules/express/lib/router/route.js:144:13) {"metadata":{"emulator":{"name":"functions"},"function":{"name":"us-central1-placesNearBy"},"extension":{},"message":"TypeError: undefined is not a function\n    at Array.map (<anonymous>)\n    at module.exports.placesRequest (/home/mcwachira/Documents/GitHub/MealsToGo/functions/places/index.js:11:33)\n    at /home/mcwachira/Documents/GitHub/MealsToGo/functions/index.js:10:3\n    at cloudFunction (/home/mcwachira/Documents/GitHub/MealsToGo/functions/node_modules/firebase-functions/lib/v1/providers/https.js:51:16)\n    at /home/mcwachira/.nvm/versions/node/v16.17.0/lib/node_modules/firebase-tools/lib/emulator/functionsEmulatorRuntime.js:532:16\n    at runFunction (/home/mcwachira/.nvm/versions/node/v16.17.0/lib/node_modules/firebase-tools/lib/emulator/functionsEmulatorRuntime.js:506:15)\n    at runHTTPS (/home/mcwachira/.nvm/versions/node/v16.17.0/lib/node_modules/firebase-tools/lib/emulator/functionsEmulatorRuntime.js:531:11)\n    at /home/mcwachira/.nvm/versions/node/v16.17.0/lib/node_modules/firebase-tools/lib/emulator/functionsEmulatorRuntime.js:690:27\n    at Layer.handle [as handle_request] (/home/mcwachira/.nvm/versions/node/v16.17.0/lib/node_modules/firebase-tools/node_modules/express/lib/router/layer.js:95:5)\n    at next (/home/mcwachira/.nvm/versions/node/v16.17.0/lib/node_modules/firebase-tools/node_modules/express/lib/router/route.js:144:13)"}}
[warn] ⚠  Your function was killed because it raised an unhandled error. {"metadata":{"emulator":{"name":"functions"},"function":{"name":"us-central1-placesNearBy"},"extension":{},"message":"Your function was killed because it raised an unhandled error."}}
[info] i  functions: Finished "us-central1-placesNearBy" in 16.289473ms {"metadata":{"emulator":{"name":"functions"},"function":{"name":"us-central1-placesNearBy"},"extension":{},"message":"Finished \"us-central1-placesNearBy\" in 16.289473ms"}}
[debug] [2023-02-17T08:12:11.044Z] [worker-us-central1-placesNearBy-3aae4b6b-0d9b-48f8-916f-257937301c1a]: IDLE {"metadata":{"emulator":{"name":"functions"},"function":{"name":"us-central1-placesNearBy"},"extension":{},"message":"[worker-us-central1-placesNearBy-3aae4b6b-0d9b-48f8-916f-257937301c1a]: IDLE"}}
[debug] [2023-02-17T08:12:11.045Z] [work-queue] {"queuedWork":[],"queueLength":0,"runningWork":[],"workRunningCount":0}
[debug] [2023-02-17T08:12:11.053Z] [worker-us-central1-placesNearBy-3aae4b6b-0d9b-48f8-916f-257937301c1a]: exited {"metadata":{"emulator":{"name":"functions"},"function":{"name":"us-central1-placesNearBy"},"extension":{},"message":"[worker-us-central1-placesNearBy-3aae4b6b-0d9b-48f8-916f-257937301c1a]: exited"}}
[debug] [2023-02-17T08:12:11.056Z] [worker-us-central1-placesNearBy-3aae4b6b-0d9b-48f8-916f-257937301c1a]: FINISHED {"metadata":{"emulator":{"name":"functions"},"function":{"name":"us-central1-placesNearBy"},"extension":{},"message":"[worker-us-central1-placesNearBy-3aae4b6b-0d9b-48f8-916f-257937301c1a]: FINISHED"}}
[debug] [2023-02-17T08:12:17.166Z] [work-queue] {"queuedWork":["/mealstogo-97a67/us-central1/placesNearBy-2023-02-17T08:12:17.166Z"],"queueLength":1,"runningWork":[],"workRunningCount":0}
[debug] [2023-02-17T08:12:17.167Z] [work-queue] {"queuedWork":[],"queueLength":0,"runningWork":["/mealstogo-97a67/us-central1/placesNearBy-2023-02-17T08:12:17.166Z"],"workRunningCount":1}
[debug] [2023-02-17T08:12:17.167Z] Accepted request GET /mealstogo-97a67/us-central1/placesNearBy?location=51.219448,4.402464 --> us-central1-placesNearBy
[debug] [2023-02-17T08:12:17.173Z] [functions] Runtime ready! Sending request! {"metadata":{"emulator":{"name":"functions"},"message":"[functions] Runtime ready! Sending request!"}}
[debug] [2023-02-17T08:12:17.173Z] [functions] Got req.url=/mealstogo-97a67/us-central1/placesNearBy?location=51.219448,4.402464, mapping to path=/?location=51.219448,4.402464 {"metadata":{"emulator":{"name":"functions"},"message":"[functions] Got req.url=/mealstogo-97a67/us-central1/placesNearBy?location=51.219448,4.402464, mapping to path=/?location=51.219448,4.402464"}}
[debug] [2023-02-17T08:12:17.173Z] [worker-pool] Cleaned up workers for us-central1-placesNearBy: 1 --> 0 {"metadata":{"emulator":{"name":"functions"},"message":"[worker-pool] Cleaned up workers for us-central1-placesNearBy: 1 --> 0"}}
[debug] [2023-02-17T08:12:17.184Z] [worker-pool] addWorker(us-central1-placesNearBy) {"metadata":{"emulator":{"name":"functions"},"message":"[worker-pool] addWorker(us-central1-placesNearBy)"}}
[debug] [2023-02-17T08:12:17.185Z] [worker-pool] Adding worker with key us-central1-placesNearBy, total=1 {"metadata":{"emulator":{"name":"functions"},"message":"[worker-pool] Adding worker with key us-central1-placesNearBy, total=1"}}
[debug] [2023-02-17T08:12:18.082Z] [runtime-status] [23046] Resolved module firebase-admin {"declared":true,"installed":true,"version":"11.5.0","resolution":"/home/mcwachira/Documents/GitHub/MealsToGo/functions/node_modules/firebase-admin/lib/index.js"} {"metadata":{"emulator":{"name":"functions"},"function":{"name":"us-central1-placesNearBy"},"extension":{},"message":"[runtime-status] [23046] Resolved module firebase-admin {\"declared\":true,\"installed\":true,\"version\":\"11.5.0\",\"resolution\":\"/home/mcwachira/Documents/GitHub/MealsToGo/functions/node_modules/firebase-admin/lib/index.js\"}"}}
[debug] [2023-02-17T08:12:18.085Z] [runtime-status] [23046] Resolved module firebase-functions {"declared":true,"installed":true,"version":"4.2.1","resolution":"/home/mcwachira/Documents/GitHub/MealsToGo/functions/node_modules/firebase-functions/lib/v1/index.js"} {"metadata":{"emulator":{"name":"functions"},"function":{"name":"us-central1-placesNearBy"},"extension":{},"message":"[runtime-status] [23046] Resolved module firebase-functions {\"declared\":true,\"installed\":true,\"version\":\"4.2.1\",\"resolution\":\"/home/mcwachira/Documents/GitHub/MealsToGo/functions/node_modules/firebase-functions/lib/v1/index.js\"}"}}
[debug] [2023-02-17T08:12:18.085Z] [runtime-status] [23046] Outgoing network have been stubbed. [{"name":"http","status":"mocked"},{"name":"http","status":"mocked"},{"name":"https","status":"mocked"},{"name":"https","status":"mocked"},{"name":"net","status":"mocked"}] {"metadata":{"emulator":{"name":"functions"},"function":{"name":"us-central1-placesNearBy"},"extension":{},"message":"[runtime-status] [23046] Outgoing network have been stubbed. [{\"name\":\"http\",\"status\":\"mocked\"},{\"name\":\"http\",\"status\":\"mocked\"},{\"name\":\"https\",\"status\":\"mocked\"},{\"name\":\"https\",\"status\":\"mocked\"},{\"name\":\"net\",\"status\":\"mocked\"}]"}}
[debug] [2023-02-17T08:12:18.087Z] [runtime-status] [23046] Resolved module firebase-functions {"declared":true,"installed":true,"version":"4.2.1","resolution":"/home/mcwachira/Documents/GitHub/MealsToGo/functions/node_modules/firebase-functions/lib/v1/index.js"} {"metadata":{"emulator":{"name":"functions"},"function":{"name":"us-central1-placesNearBy"},"extension":{},"message":"[runtime-status] [23046] Resolved module firebase-functions {\"declared\":true,\"installed\":true,\"version\":\"4.2.1\",\"resolution\":\"/home/mcwachira/Documents/GitHub/MealsToGo/functions/node_modules/firebase-functions/lib/v1/index.js\"}"}}
[debug] [2023-02-17T08:12:18.284Z] [runtime-status] [23046] Checked functions.config() {"config":{}} {"metadata":{"emulator":{"name":"functions"},"function":{"name":"us-central1-placesNearBy"},"extension":{},"message":"[runtime-status] [23046] Checked functions.config() {\"config\":{}}"}}
[debug] [2023-02-17T08:12:18.284Z] [runtime-status] [23046] firebase-functions has been stubbed. {"functionsResolution":{"declared":true,"installed":true,"version":"4.2.1","resolution":"/home/mcwachira/Documents/GitHub/MealsToGo/functions/node_modules/firebase-functions/lib/v1/index.js"}} {"metadata":{"emulator":{"name":"functions"},"function":{"name":"us-central1-placesNearBy"},"extension":{},"message":"[runtime-status] [23046] firebase-functions has been stubbed. {\"functionsResolution\":{\"declared\":true,\"installed\":true,\"version\":\"4.2.1\",\"resolution\":\"/home/mcwachira/Documents/GitHub/MealsToGo/functions/node_modules/firebase-functions/lib/v1/index.js\"}}"}}
[debug] [2023-02-17T08:12:18.285Z] [runtime-status] [23046] Resolved module firebase-functions {"declared":true,"installed":true,"version":"4.2.1","resolution":"/home/mcwachira/Documents/GitHub/MealsToGo/functions/node_modules/firebase-functions/lib/v1/index.js"} {"metadata":{"emulator":{"name":"functions"},"function":{"name":"us-central1-placesNearBy"},"extension":{},"message":"[runtime-status] [23046] Resolved module firebase-functions {\"declared\":true,\"installed\":true,\"version\":\"4.2.1\",\"resolution\":\"/home/mcwachira/Documents/GitHub/MealsToGo/functions/node_modules/firebase-functions/lib/v1/index.js\"}"}}
[debug] [2023-02-17T08:12:18.287Z] [runtime-status] [23046] Resolved module firebase-admin {"declared":true,"installed":true,"version":"11.5.0","resolution":"/home/mcwachira/Documents/GitHub/MealsToGo/functions/node_modules/firebase-admin/lib/index.js"} {"metadata":{"emulator":{"name":"functions"},"function":{"name":"us-central1-placesNearBy"},"extension":{},"message":"[runtime-status] [23046] Resolved module firebase-admin {\"declared\":true,\"installed\":true,\"version\":\"11.5.0\",\"resolution\":\"/home/mcwachira/Documents/GitHub/MealsToGo/functions/node_modules/firebase-admin/lib/index.js\"}"}}
[debug] [2023-02-17T08:12:18.289Z] [runtime-status] [23046] Resolved module firebase-functions {"declared":true,"installed":true,"version":"4.2.1","resolution":"/home/mcwachira/Documents/GitHub/MealsToGo/functions/node_modules/firebase-functions/lib/v1/index.js"} {"metadata":{"emulator":{"name":"functions"},"function":{"name":"us-central1-placesNearBy"},"extension":{},"message":"[runtime-status] [23046] Resolved module firebase-functions {\"declared\":true,\"installed\":true,\"version\":\"4.2.1\",\"resolution\":\"/home/mcwachira/Documents/GitHub/MealsToGo/functions/node_modules/firebase-functions/lib/v1/index.js\"}"}}
[debug] [2023-02-17T08:12:18.289Z] [runtime-status] [23046] firebase-admin has been stubbed. {"adminResolution":{"declared":true,"installed":true,"version":"11.5.0","resolution":"/home/mcwachira/Documents/GitHub/MealsToGo/functions/node_modules/firebase-admin/lib/index.js"}} {"metadata":{"emulator":{"name":"functions"},"function":{"name":"us-central1-placesNearBy"},"extension":{},"message":"[runtime-status] [23046] firebase-admin has been stubbed. {\"adminResolution\":{\"declared\":true,\"installed\":true,\"version\":\"11.5.0\",\"resolution\":\"/home/mcwachira/Documents/GitHub/MealsToGo/functions/node_modules/firebase-admin/lib/index.js\"}}"}}
[debug] [2023-02-17T08:12:18.304Z] [runtime-status] [23046] Functions runtime initialized. {"cwd":"/home/mcwachira/Documents/GitHub/MealsToGo/functions","node_version":"16.17.0"} {"metadata":{"emulator":{"name":"functions"},"function":{"name":"us-central1-placesNearBy"},"extension":{},"message":"[runtime-status] [23046] Functions runtime initialized. {\"cwd\":\"/home/mcwachira/Documents/GitHub/MealsToGo/functions\",\"node_version\":\"16.17.0\"}"}}
[debug] [2023-02-17T08:12:18.304Z] [runtime-status] [23046] Listening to port: /tmp/fire_emu_2a596889099ed273.sock {"metadata":{"emulator":{"name":"functions"},"function":{"name":"us-central1-placesNearBy"},"extension":{},"message":"[runtime-status] [23046] Listening to port: /tmp/fire_emu_2a596889099ed273.sock"}}
[debug] [2023-02-17T08:12:18.408Z] [worker-us-central1-placesNearBy-7e8b13f6-7cc0-448c-9ab1-87f40527fa0e]: IDLE {"metadata":{"emulator":{"name":"functions"},"function":{"name":"us-central1-placesNearBy"},"extension":{},"message":"[worker-us-central1-placesNearBy-7e8b13f6-7cc0-448c-9ab1-87f40527fa0e]: IDLE"}}
[debug] [2023-02-17T08:12:18.409Z] [worker-pool] submitRequest(triggerId=us-central1-placesNearBy) {"metadata":{"emulator":{"name":"functions"},"message":"[worker-pool] submitRequest(triggerId=us-central1-placesNearBy)"}}
[info] i  functions: Beginning execution of "us-central1-placesNearBy" {"metadata":{"emulator":{"name":"functions"},"function":{"name":"us-central1-placesNearBy"},"extension":{},"message":"Beginning execution of \"us-central1-placesNearBy\""}}
[debug] [2023-02-17T08:12:18.409Z] [worker-us-central1-placesNearBy-7e8b13f6-7cc0-448c-9ab1-87f40527fa0e]: BUSY {"metadata":{"emulator":{"name":"functions"},"function":{"name":"us-central1-placesNearBy"},"extension":{},"message":"[worker-us-central1-placesNearBy-7e8b13f6-7cc0-448c-9ab1-87f40527fa0e]: BUSY"}}
[warn] ⚠  functions: TypeError: undefined is not a function
    at Array.map (<anonymous>)
    at module.exports.placesRequest (/home/mcwachira/Documents/GitHub/MealsToGo/functions/places/index.js:11:33)
    at /home/mcwachira/Documents/GitHub/MealsToGo/functions/index.js:10:3
    at cloudFunction (/home/mcwachira/Documents/GitHub/MealsToGo/functions/node_modules/firebase-functions/lib/v1/providers/https.js:51:16)
    at /home/mcwachira/.nvm/versions/node/v16.17.0/lib/node_modules/firebase-tools/lib/emulator/functionsEmulatorRuntime.js:532:16
    at runFunction (/home/mcwachira/.nvm/versions/node/v16.17.0/lib/node_modules/firebase-tools/lib/emulator/functionsEmulatorRuntime.js:506:15)
    at runHTTPS (/home/mcwachira/.nvm/versions/node/v16.17.0/lib/node_modules/firebase-tools/lib/emulator/functionsEmulatorRuntime.js:531:11)
    at /home/mcwachira/.nvm/versions/node/v16.17.0/lib/node_modules/firebase-tools/lib/emulator/functionsEmulatorRuntime.js:690:27
    at Layer.handle [as handle_request] (/home/mcwachira/.nvm/versions/node/v16.17.0/lib/node_modules/firebase-tools/node_modules/express/lib/router/layer.js:95:5)
    at next (/home/mcwachira/.nvm/versions/node/v16.17.0/lib/node_modules/firebase-tools/node_modules/express/lib/router/route.js:144:13) {"metadata":{"emulator":{"name":"functions"},"function":{"name":"us-central1-placesNearBy"},"extension":{},"message":"TypeError: undefined is not a function\n    at Array.map (<anonymous>)\n    at module.exports.placesRequest (/home/mcwachira/Documents/GitHub/MealsToGo/functions/places/index.js:11:33)\n    at /home/mcwachira/Documents/GitHub/MealsToGo/functions/index.js:10:3\n    at cloudFunction (/home/mcwachira/Documents/GitHub/MealsToGo/functions/node_modules/firebase-functions/lib/v1/providers/https.js:51:16)\n    at /home/mcwachira/.nvm/versions/node/v16.17.0/lib/node_modules/firebase-tools/lib/emulator/functionsEmulatorRuntime.js:532:16\n    at runFunction (/home/mcwachira/.nvm/versions/node/v16.17.0/lib/node_modules/firebase-tools/lib/emulator/functionsEmulatorRuntime.js:506:15)\n    at runHTTPS (/home/mcwachira/.nvm/versions/node/v16.17.0/lib/node_modules/firebase-tools/lib/emulator/functionsEmulatorRuntime.js:531:11)\n    at /home/mcwachira/.nvm/versions/node/v16.17.0/lib/node_modules/firebase-tools/lib/emulator/functionsEmulatorRuntime.js:690:27\n    at Layer.handle [as handle_request] (/home/mcwachira/.nvm/versions/node/v16.17.0/lib/node_modules/firebase-tools/node_modules/express/lib/router/layer.js:95:5)\n    at next (/home/mcwachira/.nvm/versions/node/v16.17.0/lib/node_modules/firebase-tools/node_modules/express/lib/router/route.js:144:13)"}}
[warn] ⚠  Your function was killed because it raised an unhandled error. {"metadata":{"emulator":{"name":"functions"},"function":{"name":"us-central1-placesNearBy"},"extension":{},"message":"Your function was killed because it raised an unhandled error."}}
[error] i  Request to function failed: Error: socket hang up {"metadata":{"emulator":{"name":"functions"},"function":{"name":"us-central1-placesNearBy"},"extension":{},"message":"Request to function failed: Error: socket hang up"}}
[debug] [2023-02-17T08:12:18.430Z] [work-queue] {"queuedWork":[],"queueLength":0,"runningWork":[],"workRunningCount":0}
[debug] [2023-02-17T08:12:18.434Z] [worker-us-central1-placesNearBy-7e8b13f6-7cc0-448c-9ab1-87f40527fa0e]: exited {"metadata":{"emulator":{"name":"functions"},"function":{"name":"us-central1-placesNearBy"},"extension":{},"message":"[worker-us-central1-placesNearBy-7e8b13f6-7cc0-448c-9ab1-87f40527fa0e]: exited"}}
[debug] [2023-02-17T08:12:18.434Z] [worker-us-central1-placesNearBy-7e8b13f6-7cc0-448c-9ab1-87f40527fa0e]: FINISHED {"metadata":{"emulator":{"name":"functions"},"function":{"name":"us-central1-placesNearBy"},"extension":{},"message":"[worker-us-central1-placesNearBy-7e8b13f6-7cc0-448c-9ab1-87f40527fa0e]: FINISHED"}}
[debug] [2023-02-17T08:13:11.670Z] [work-queue] {"queuedWork":["/mealstogo-97a67/us-central1/placesNearBy-2023-02-17T08:13:11.670Z"],"queueLength":1,"runningWork":[],"workRunningCount":0}
[debug] [2023-02-17T08:13:11.672Z] [work-queue] {"queuedWork":[],"queueLength":0,"runningWork":["/mealstogo-97a67/us-central1/placesNearBy-2023-02-17T08:13:11.670Z"],"workRunningCount":1}
[debug] [2023-02-17T08:13:11.672Z] Accepted request GET /mealstogo-97a67/us-central1/placesNearBy?location=51.219448,4.402464 --> us-central1-placesNearBy
[debug] [2023-02-17T08:13:11.680Z] [functions] Runtime ready! Sending request! {"metadata":{"emulator":{"name":"functions"},"message":"[functions] Runtime ready! Sending request!"}}
[debug] [2023-02-17T08:13:11.680Z] [functions] Got req.url=/mealstogo-97a67/us-central1/placesNearBy?location=51.219448,4.402464, mapping to path=/?location=51.219448,4.402464 {"metadata":{"emulator":{"name":"functions"},"message":"[functions] Got req.url=/mealstogo-97a67/us-central1/placesNearBy?location=51.219448,4.402464, mapping to path=/?location=51.219448,4.402464"}}
[debug] [2023-02-17T08:13:11.681Z] [worker-pool] Cleaned up workers for us-central1-placesNearBy: 1 --> 0 {"metadata":{"emulator":{"name":"functions"},"message":"[worker-pool] Cleaned up workers for us-central1-placesNearBy: 1 --> 0"}}
[debug] [2023-02-17T08:13:11.694Z] [worker-pool] addWorker(us-central1-placesNearBy) {"metadata":{"emulator":{"name":"functions"},"message":"[worker-pool] addWorker(us-central1-placesNearBy)"}}
[debug] [2023-02-17T08:13:11.695Z] [worker-pool] Adding worker with key us-central1-placesNearBy, total=1 {"metadata":{"emulator":{"name":"functions"},"message":"[worker-pool] Adding worker with key us-central1-placesNearBy, total=1"}}
[debug] [2023-02-17T08:13:12.645Z] [runtime-status] [23169] Resolved module firebase-admin {"declared":true,"installed":true,"version":"11.5.0","resolution":"/home/mcwachira/Documents/GitHub/MealsToGo/functions/node_modules/firebase-admin/lib/index.js"} {"metadata":{"emulator":{"name":"functions"},"function":{"name":"us-central1-placesNearBy"},"extension":{},"message":"[runtime-status] [23169] Resolved module firebase-admin {\"declared\":true,\"installed\":true,\"version\":\"11.5.0\",\"resolution\":\"/home/mcwachira/Documents/GitHub/MealsToGo/functions/node_modules/firebase-admin/lib/index.js\"}"}}
[debug] [2023-02-17T08:13:12.649Z] [runtime-status] [23169] Resolved module firebase-functions {"declared":true,"installed":true,"version":"4.2.1","resolution":"/home/mcwachira/Documents/GitHub/MealsToGo/functions/node_modules/firebase-functions/lib/v1/index.js"} {"metadata":{"emulator":{"name":"functions"},"function":{"name":"us-central1-placesNearBy"},"extension":{},"message":"[runtime-status] [23169] Resolved module firebase-functions {\"declared\":true,\"installed\":true,\"version\":\"4.2.1\",\"resolution\":\"/home/mcwachira/Documents/GitHub/MealsToGo/functions/node_modules/firebase-functions/lib/v1/index.js\"}"}}
[debug] [2023-02-17T08:13:12.652Z] [runtime-status] [23169] Outgoing network have been stubbed. [{"name":"http","status":"mocked"},{"name":"http","status":"mocked"},{"name":"https","status":"mocked"},{"name":"https","status":"mocked"},{"name":"net","status":"mocked"}] {"metadata":{"emulator":{"name":"functions"},"function":{"name":"us-central1-placesNearBy"},"extension":{},"message":"[runtime-status] [23169] Outgoing network have been stubbed. [{\"name\":\"http\",\"status\":\"mocked\"},{\"name\":\"http\",\"status\":\"mocked\"},{\"name\":\"https\",\"status\":\"mocked\"},{\"name\":\"https\",\"status\":\"mocked\"},{\"name\":\"net\",\"status\":\"mocked\"}]"}}
[debug] [2023-02-17T08:13:12.652Z] [runtime-status] [23169] Resolved module firebase-functions {"declared":true,"installed":true,"version":"4.2.1","resolution":"/home/mcwachira/Documents/GitHub/MealsToGo/functions/node_modules/firebase-functions/lib/v1/index.js"} {"metadata":{"emulator":{"name":"functions"},"function":{"name":"us-central1-placesNearBy"},"extension":{},"message":"[runtime-status] [23169] Resolved module firebase-functions {\"declared\":true,\"installed\":true,\"version\":\"4.2.1\",\"resolution\":\"/home/mcwachira/Documents/GitHub/MealsToGo/functions/node_modules/firebase-functions/lib/v1/index.js\"}"}}
[debug] [2023-02-17T08:13:12.832Z] [runtime-status] [23169] Checked functions.config() {"config":{}} {"metadata":{"emulator":{"name":"functions"},"function":{"name":"us-central1-placesNearBy"},"extension":{},"message":"[runtime-status] [23169] Checked functions.config() {\"config\":{}}"}}
[debug] [2023-02-17T08:13:12.833Z] [runtime-status] [23169] firebase-functions has been stubbed. {"functionsResolution":{"declared":true,"installed":true,"version":"4.2.1","resolution":"/home/mcwachira/Documents/GitHub/MealsToGo/functions/node_modules/firebase-functions/lib/v1/index.js"}} {"metadata":{"emulator":{"name":"functions"},"function":{"name":"us-central1-placesNearBy"},"extension":{},"message":"[runtime-status] [23169] firebase-functions has been stubbed. {\"functionsResolution\":{\"declared\":true,\"installed\":true,\"version\":\"4.2.1\",\"resolution\":\"/home/mcwachira/Documents/GitHub/MealsToGo/functions/node_modules/firebase-functions/lib/v1/index.js\"}}"}}
[debug] [2023-02-17T08:13:12.834Z] [runtime-status] [23169] Resolved module firebase-functions {"declared":true,"installed":true,"version":"4.2.1","resolution":"/home/mcwachira/Documents/GitHub/MealsToGo/functions/node_modules/firebase-functions/lib/v1/index.js"} {"metadata":{"emulator":{"name":"functions"},"function":{"name":"us-central1-placesNearBy"},"extension":{},"message":"[runtime-status] [23169] Resolved module firebase-functions {\"declared\":true,\"installed\":true,\"version\":\"4.2.1\",\"resolution\":\"/home/mcwachira/Documents/GitHub/MealsToGo/functions/node_modules/firebase-functions/lib/v1/index.js\"}"}}
[debug] [2023-02-17T08:13:12.836Z] [runtime-status] [23169] Resolved module firebase-admin {"declared":true,"installed":true,"version":"11.5.0","resolution":"/home/mcwachira/Documents/GitHub/MealsToGo/functions/node_modules/firebase-admin/lib/index.js"} {"metadata":{"emulator":{"name":"functions"},"function":{"name":"us-central1-placesNearBy"},"extension":{},"message":"[runtime-status] [23169] Resolved module firebase-admin {\"declared\":true,\"installed\":true,\"version\":\"11.5.0\",\"resolution\":\"/home/mcwachira/Documents/GitHub/MealsToGo/functions/node_modules/firebase-admin/lib/index.js\"}"}}
[debug] [2023-02-17T08:13:12.837Z] [runtime-status] [23169] Resolved module firebase-functions {"declared":true,"installed":true,"version":"4.2.1","resolution":"/home/mcwachira/Documents/GitHub/MealsToGo/functions/node_modules/firebase-functions/lib/v1/index.js"} {"metadata":{"emulator":{"name":"functions"},"function":{"name":"us-central1-placesNearBy"},"extension":{},"message":"[runtime-status] [23169] Resolved module firebase-functions {\"declared\":true,\"installed\":true,\"version\":\"4.2.1\",\"resolution\":\"/home/mcwachira/Documents/GitHub/MealsToGo/functions/node_modules/firebase-functions/lib/v1/index.js\"}"}}
[debug] [2023-02-17T08:13:12.839Z] [runtime-status] [23169] firebase-admin has been stubbed. {"adminResolution":{"declared":true,"installed":true,"version":"11.5.0","resolution":"/home/mcwachira/Documents/GitHub/MealsToGo/functions/node_modules/firebase-admin/lib/index.js"}} {"metadata":{"emulator":{"name":"functions"},"function":{"name":"us-central1-placesNearBy"},"extension":{},"message":"[runtime-status] [23169] firebase-admin has been stubbed. {\"adminResolution\":{\"declared\":true,\"installed\":true,\"version\":\"11.5.0\",\"resolution\":\"/home/mcwachira/Documents/GitHub/MealsToGo/functions/node_modules/firebase-admin/lib/index.js\"}}"}}
[debug] [2023-02-17T08:13:12.850Z] [runtime-status] [23169] Functions runtime initialized. {"cwd":"/home/mcwachira/Documents/GitHub/MealsToGo/functions","node_version":"16.17.0"} {"metadata":{"emulator":{"name":"functions"},"function":{"name":"us-central1-placesNearBy"},"extension":{},"message":"[runtime-status] [23169] Functions runtime initialized. {\"cwd\":\"/home/mcwachira/Documents/GitHub/MealsToGo/functions\",\"node_version\":\"16.17.0\"}"}}
[debug] [2023-02-17T08:13:12.850Z] [runtime-status] [23169] Listening to port: /tmp/fire_emu_b5abdd46b9a02f7d.sock {"metadata":{"emulator":{"name":"functions"},"function":{"name":"us-central1-placesNearBy"},"extension":{},"message":"[runtime-status] [23169] Listening to port: /tmp/fire_emu_b5abdd46b9a02f7d.sock"}}
[debug] [2023-02-17T08:13:12.920Z] [worker-us-central1-placesNearBy-7bafd681-8fce-4102-a285-bd9b4742d1bc]: IDLE {"metadata":{"emulator":{"name":"functions"},"function":{"name":"us-central1-placesNearBy"},"extension":{},"message":"[worker-us-central1-placesNearBy-7bafd681-8fce-4102-a285-bd9b4742d1bc]: IDLE"}}
[debug] [2023-02-17T08:13:12.921Z] [worker-pool] submitRequest(triggerId=us-central1-placesNearBy) {"metadata":{"emulator":{"name":"functions"},"message":"[worker-pool] submitRequest(triggerId=us-central1-placesNearBy)"}}
[info] i  functions: Beginning execution of "us-central1-placesNearBy" {"metadata":{"emulator":{"name":"functions"},"function":{"name":"us-central1-placesNearBy"},"extension":{},"message":"Beginning execution of \"us-central1-placesNearBy\""}}
[debug] [2023-02-17T08:13:12.922Z] [worker-us-central1-placesNearBy-7bafd681-8fce-4102-a285-bd9b4742d1bc]: BUSY {"metadata":{"emulator":{"name":"functions"},"function":{"name":"us-central1-placesNearBy"},"extension":{},"message":"[worker-us-central1-placesNearBy-7bafd681-8fce-4102-a285-bd9b4742d1bc]: BUSY"}}
[warn] ⚠  functions: TypeError: undefined is not a function
    at Array.map (<anonymous>)
    at module.exports.placesRequest (/home/mcwachira/Documents/GitHub/MealsToGo/functions/places/index.js:11:33)
    at /home/mcwachira/Documents/GitHub/MealsToGo/functions/index.js:10:3
    at cloudFunction (/home/mcwachira/Documents/GitHub/MealsToGo/functions/node_modules/firebase-functions/lib/v1/providers/https.js:51:16)
    at /home/mcwachira/.nvm/versions/node/v16.17.0/lib/node_modules/firebase-tools/lib/emulator/functionsEmulatorRuntime.js:532:16
    at runFunction (/home/mcwachira/.nvm/versions/node/v16.17.0/lib/node_modules/firebase-tools/lib/emulator/functionsEmulatorRuntime.js:506:15)
    at runHTTPS (/home/mcwachira/.nvm/versions/node/v16.17.0/lib/node_modules/firebase-tools/lib/emulator/functionsEmulatorRuntime.js:531:11)
    at /home/mcwachira/.nvm/versions/node/v16.17.0/lib/node_modules/firebase-tools/lib/emulator/functionsEmulatorRuntime.js:690:27
    at Layer.handle [as handle_request] (/home/mcwachira/.nvm/versions/node/v16.17.0/lib/node_modules/firebase-tools/node_modules/express/lib/router/layer.js:95:5)
    at next (/home/mcwachira/.nvm/versions/node/v16.17.0/lib/node_modules/firebase-tools/node_modules/express/lib/router/route.js:144:13) {"metadata":{"emulator":{"name":"functions"},"function":{"name":"us-central1-placesNearBy"},"extension":{},"message":"TypeError: undefined is not a function\n    at Array.map (<anonymous>)\n    at module.exports.placesRequest (/home/mcwachira/Documents/GitHub/MealsToGo/functions/places/index.js:11:33)\n    at /home/mcwachira/Documents/GitHub/MealsToGo/functions/index.js:10:3\n    at cloudFunction (/home/mcwachira/Documents/GitHub/MealsToGo/functions/node_modules/firebase-functions/lib/v1/providers/https.js:51:16)\n    at /home/mcwachira/.nvm/versions/node/v16.17.0/lib/node_modules/firebase-tools/lib/emulator/functionsEmulatorRuntime.js:532:16\n    at runFunction (/home/mcwachira/.nvm/versions/node/v16.17.0/lib/node_modules/firebase-tools/lib/emulator/functionsEmulatorRuntime.js:506:15)\n    at runHTTPS (/home/mcwachira/.nvm/versions/node/v16.17.0/lib/node_modules/firebase-tools/lib/emulator/functionsEmulatorRuntime.js:531:11)\n    at /home/mcwachira/.nvm/versions/node/v16.17.0/lib/node_modules/firebase-tools/lib/emulator/functionsEmulatorRuntime.js:690:27\n    at Layer.handle [as handle_request] (/home/mcwachira/.nvm/versions/node/v16.17.0/lib/node_modules/firebase-tools/node_modules/express/lib/router/layer.js:95:5)\n    at next (/home/mcwachira/.nvm/versions/node/v16.17.0/lib/node_modules/firebase-tools/node_modules/express/lib/router/route.js:144:13)"}}
[warn] ⚠  Your function was killed because it raised an unhandled error. {"metadata":{"emulator":{"name":"functions"},"function":{"name":"us-central1-placesNearBy"},"extension":{},"message":"Your function was killed because it raised an unhandled error."}}
[error] i  Request to function failed: Error: socket hang up {"metadata":{"emulator":{"name":"functions"},"function":{"name":"us-central1-placesNearBy"},"extension":{},"message":"Request to function failed: Error: socket hang up"}}
[debug] [2023-02-17T08:13:12.951Z] [work-queue] {"queuedWork":[],"queueLength":0,"runningWork":[],"workRunningCount":0}
[debug] [2023-02-17T08:13:12.952Z] [worker-us-central1-placesNearBy-7bafd681-8fce-4102-a285-bd9b4742d1bc]: exited {"metadata":{"emulator":{"name":"functions"},"function":{"name":"us-central1-placesNearBy"},"extension":{},"message":"[worker-us-central1-placesNearBy-7bafd681-8fce-4102-a285-bd9b4742d1bc]: exited"}}
[debug] [2023-02-17T08:13:12.952Z] [worker-us-central1-placesNearBy-7bafd681-8fce-4102-a285-bd9b4742d1bc]: FINISHED {"metadata":{"emulator":{"name":"functions"},"function":{"name":"us-central1-placesNearBy"},"extension":{},"message":"[worker-us-central1-placesNearBy-7bafd681-8fce-4102-a285-bd9b4742d1bc]: FINISHED"}}
[debug] [2023-02-17T08:14:18.362Z] [work-queue] {"queuedWork":["/mealstogo-97a67/us-central1/placesNearBy-2023-02-17T08:14:18.362Z"],"queueLength":1,"runningWork":[],"workRunningCount":0}
[debug] [2023-02-17T08:14:18.362Z] [work-queue] {"queuedWork":[],"queueLength":0,"runningWork":["/mealstogo-97a67/us-central1/placesNearBy-2023-02-17T08:14:18.362Z"],"workRunningCount":1}
[debug] [2023-02-17T08:14:18.362Z] Accepted request GET /mealstogo-97a67/us-central1/placesNearBy?location=%2251.219448,4.402464%22 --> us-central1-placesNearBy
[debug] [2023-02-17T08:14:18.367Z] [functions] Runtime ready! Sending request! {"metadata":{"emulator":{"name":"functions"},"message":"[functions] Runtime ready! Sending request!"}}
[debug] [2023-02-17T08:14:18.368Z] [functions] Got req.url=/mealstogo-97a67/us-central1/placesNearBy?location=%2251.219448,4.402464%22, mapping to path=/?location=%2251.219448,4.402464%22 {"metadata":{"emulator":{"name":"functions"},"message":"[functions] Got req.url=/mealstogo-97a67/us-central1/placesNearBy?location=%2251.219448,4.402464%22, mapping to path=/?location=%2251.219448,4.402464%22"}}
[debug] [2023-02-17T08:14:18.368Z] [worker-pool] Cleaned up workers for us-central1-placesNearBy: 1 --> 0 {"metadata":{"emulator":{"name":"functions"},"message":"[worker-pool] Cleaned up workers for us-central1-placesNearBy: 1 --> 0"}}
[debug] [2023-02-17T08:14:18.382Z] [worker-pool] addWorker(us-central1-placesNearBy) {"metadata":{"emulator":{"name":"functions"},"message":"[worker-pool] addWorker(us-central1-placesNearBy)"}}
[debug] [2023-02-17T08:14:18.382Z] [worker-pool] Adding worker with key us-central1-placesNearBy, total=1 {"metadata":{"emulator":{"name":"functions"},"message":"[worker-pool] Adding worker with key us-central1-placesNearBy, total=1"}}
[debug] [2023-02-17T08:14:19.482Z] [runtime-status] [23318] Resolved module firebase-admin {"declared":true,"installed":true,"version":"11.5.0","resolution":"/home/mcwachira/Documents/GitHub/MealsToGo/functions/node_modules/firebase-admin/lib/index.js"} {"metadata":{"emulator":{"name":"functions"},"function":{"name":"us-central1-placesNearBy"},"extension":{},"message":"[runtime-status] [23318] Resolved module firebase-admin {\"declared\":true,\"installed\":true,\"version\":\"11.5.0\",\"resolution\":\"/home/mcwachira/Documents/GitHub/MealsToGo/functions/node_modules/firebase-admin/lib/index.js\"}"}}
[debug] [2023-02-17T08:14:19.486Z] [runtime-status] [23318] Resolved module firebase-functions {"declared":true,"installed":true,"version":"4.2.1","resolution":"/home/mcwachira/Documents/GitHub/MealsToGo/functions/node_modules/firebase-functions/lib/v1/index.js"} {"metadata":{"emulator":{"name":"functions"},"function":{"name":"us-central1-placesNearBy"},"extension":{},"message":"[runtime-status] [23318] Resolved module firebase-functions {\"declared\":true,\"installed\":true,\"version\":\"4.2.1\",\"resolution\":\"/home/mcwachira/Documents/GitHub/MealsToGo/functions/node_modules/firebase-functions/lib/v1/index.js\"}"}}
[debug] [2023-02-17T08:14:19.487Z] [runtime-status] [23318] Outgoing network have been stubbed. [{"name":"http","status":"mocked"},{"name":"http","status":"mocked"},{"name":"https","status":"mocked"},{"name":"https","status":"mocked"},{"name":"net","status":"mocked"}] {"metadata":{"emulator":{"name":"functions"},"function":{"name":"us-central1-placesNearBy"},"extension":{},"message":"[runtime-status] [23318] Outgoing network have been stubbed. [{\"name\":\"http\",\"status\":\"mocked\"},{\"name\":\"http\",\"status\":\"mocked\"},{\"name\":\"https\",\"status\":\"mocked\"},{\"name\":\"https\",\"status\":\"mocked\"},{\"name\":\"net\",\"status\":\"mocked\"}]"}}
[debug] [2023-02-17T08:14:19.490Z] [runtime-status] [23318] Resolved module firebase-functions {"declared":true,"installed":true,"version":"4.2.1","resolution":"/home/mcwachira/Documents/GitHub/MealsToGo/functions/node_modules/firebase-functions/lib/v1/index.js"} {"metadata":{"emulator":{"name":"functions"},"function":{"name":"us-central1-placesNearBy"},"extension":{},"message":"[runtime-status] [23318] Resolved module firebase-functions {\"declared\":true,\"installed\":true,\"version\":\"4.2.1\",\"resolution\":\"/home/mcwachira/Documents/GitHub/MealsToGo/functions/node_modules/firebase-functions/lib/v1/index.js\"}"}}
[debug] [2023-02-17T08:14:19.664Z] [runtime-status] [23318] Checked functions.config() {"config":{}} {"metadata":{"emulator":{"name":"functions"},"function":{"name":"us-central1-placesNearBy"},"extension":{},"message":"[runtime-status] [23318] Checked functions.config() {\"config\":{}}"}}
[debug] [2023-02-17T08:14:19.665Z] [runtime-status] [23318] firebase-functions has been stubbed. {"functionsResolution":{"declared":true,"installed":true,"version":"4.2.1","resolution":"/home/mcwachira/Documents/GitHub/MealsToGo/functions/node_modules/firebase-functions/lib/v1/index.js"}} {"metadata":{"emulator":{"name":"functions"},"function":{"name":"us-central1-placesNearBy"},"extension":{},"message":"[runtime-status] [23318] firebase-functions has been stubbed. {\"functionsResolution\":{\"declared\":true,\"installed\":true,\"version\":\"4.2.1\",\"resolution\":\"/home/mcwachira/Documents/GitHub/MealsToGo/functions/node_modules/firebase-functions/lib/v1/index.js\"}}"}}
[debug] [2023-02-17T08:14:19.666Z] [runtime-status] [23318] Resolved module firebase-functions {"declared":true,"installed":true,"version":"4.2.1","resolution":"/home/mcwachira/Documents/GitHub/MealsToGo/functions/node_modules/firebase-functions/lib/v1/index.js"} {"metadata":{"emulator":{"name":"functions"},"function":{"name":"us-central1-placesNearBy"},"extension":{},"message":"[runtime-status] [23318] Resolved module firebase-functions {\"declared\":true,\"installed\":true,\"version\":\"4.2.1\",\"resolution\":\"/home/mcwachira/Documents/GitHub/MealsToGo/functions/node_modules/firebase-functions/lib/v1/index.js\"}"}}
[debug] [2023-02-17T08:14:19.667Z] [runtime-status] [23318] Resolved module firebase-admin {"declared":true,"installed":true,"version":"11.5.0","resolution":"/home/mcwachira/Documents/GitHub/MealsToGo/functions/node_modules/firebase-admin/lib/index.js"} {"metadata":{"emulator":{"name":"functions"},"function":{"name":"us-central1-placesNearBy"},"extension":{},"message":"[runtime-status] [23318] Resolved module firebase-admin {\"declared\":true,\"installed\":true,\"version\":\"11.5.0\",\"resolution\":\"/home/mcwachira/Documents/GitHub/MealsToGo/functions/node_modules/firebase-admin/lib/index.js\"}"}}
[debug] [2023-02-17T08:14:19.670Z] [runtime-status] [23318] Resolved module firebase-functions {"declared":true,"installed":true,"version":"4.2.1","resolution":"/home/mcwachira/Documents/GitHub/MealsToGo/functions/node_modules/firebase-functions/lib/v1/index.js"} {"metadata":{"emulator":{"name":"functions"},"function":{"name":"us-central1-placesNearBy"},"extension":{},"message":"[runtime-status] [23318] Resolved module firebase-functions {\"declared\":true,\"installed\":true,\"version\":\"4.2.1\",\"resolution\":\"/home/mcwachira/Documents/GitHub/MealsToGo/functions/node_modules/firebase-functions/lib/v1/index.js\"}"}}
[debug] [2023-02-17T08:14:19.670Z] [runtime-status] [23318] firebase-admin has been stubbed. {"adminResolution":{"declared":true,"installed":true,"version":"11.5.0","resolution":"/home/mcwachira/Documents/GitHub/MealsToGo/functions/node_modules/firebase-admin/lib/index.js"}} {"metadata":{"emulator":{"name":"functions"},"function":{"name":"us-central1-placesNearBy"},"extension":{},"message":"[runtime-status] [23318] firebase-admin has been stubbed. {\"adminResolution\":{\"declared\":true,\"installed\":true,\"version\":\"11.5.0\",\"resolution\":\"/home/mcwachira/Documents/GitHub/MealsToGo/functions/node_modules/firebase-admin/lib/index.js\"}}"}}
[debug] [2023-02-17T08:14:19.681Z] [runtime-status] [23318] Functions runtime initialized. {"cwd":"/home/mcwachira/Documents/GitHub/MealsToGo/functions","node_version":"16.17.0"} {"metadata":{"emulator":{"name":"functions"},"function":{"name":"us-central1-placesNearBy"},"extension":{},"message":"[runtime-status] [23318] Functions runtime initialized. {\"cwd\":\"/home/mcwachira/Documents/GitHub/MealsToGo/functions\",\"node_version\":\"16.17.0\"}"}}
[debug] [2023-02-17T08:14:19.682Z] [runtime-status] [23318] Listening to port: /tmp/fire_emu_f9a4b867d1de6f60.sock {"metadata":{"emulator":{"name":"functions"},"function":{"name":"us-central1-placesNearBy"},"extension":{},"message":"[runtime-status] [23318] Listening to port: /tmp/fire_emu_f9a4b867d1de6f60.sock"}}
[debug] [2023-02-17T08:14:19.711Z] [worker-us-central1-placesNearBy-0c624aa9-be1c-49d8-add9-848459397546]: IDLE {"metadata":{"emulator":{"name":"functions"},"function":{"name":"us-central1-placesNearBy"},"extension":{},"message":"[worker-us-central1-placesNearBy-0c624aa9-be1c-49d8-add9-848459397546]: IDLE"}}
[debug] [2023-02-17T08:14:19.711Z] [worker-pool] submitRequest(triggerId=us-central1-placesNearBy) {"metadata":{"emulator":{"name":"functions"},"message":"[worker-pool] submitRequest(triggerId=us-central1-placesNearBy)"}}
[info] i  functions: Beginning execution of "us-central1-placesNearBy" {"metadata":{"emulator":{"name":"functions"},"function":{"name":"us-central1-placesNearBy"},"extension":{},"message":"Beginning execution of \"us-central1-placesNearBy\""}}
[debug] [2023-02-17T08:14:19.712Z] [worker-us-central1-placesNearBy-0c624aa9-be1c-49d8-add9-848459397546]: BUSY {"metadata":{"emulator":{"name":"functions"},"function":{"name":"us-central1-placesNearBy"},"extension":{},"message":"[worker-us-central1-placesNearBy-0c624aa9-be1c-49d8-add9-848459397546]: BUSY"}}
[info] i  functions: Finished "us-central1-placesNearBy" in 6.537305ms {"metadata":{"emulator":{"name":"functions"},"function":{"name":"us-central1-placesNearBy"},"extension":{},"message":"Finished \"us-central1-placesNearBy\" in 6.537305ms"}}
[debug] [2023-02-17T08:14:19.719Z] [worker-us-central1-placesNearBy-0c624aa9-be1c-49d8-add9-848459397546]: IDLE {"metadata":{"emulator":{"name":"functions"},"function":{"name":"us-central1-placesNearBy"},"extension":{},"message":"[worker-us-central1-placesNearBy-0c624aa9-be1c-49d8-add9-848459397546]: IDLE"}}
[debug] [2023-02-17T08:14:19.720Z] [work-queue] {"queuedWork":[],"queueLength":0,"runningWork":[],"workRunningCount":0}
